<?xml version="1.0" encoding="UTF-8"?>
<testsuites name="Flipkart" time="54.432" tests="1" failures="0" errors="0">
   <testsuite name="Flipkart" tests="1" failures="0" errors="0" time="54.432" skipped="0" timestamp="2025-09-08T11:51:36.554Z" hostname="Sumit - Pratik" id="Test Suites/Flipkart">
      <properties>
         <property name="deviceName" value=""/>
         <property name="devicePlatform"/>
         <property name="logFolder" value="C:\\Users\\Sumit\\git\\KatalonGit\\Reports\\20250908_172113\\Flipkart\\20250908_172122"/>
         <property name="logFiles" value="C:\\Users\\Sumit\\git\\KatalonGit\\Reports\\20250908_172113\\Flipkart\\20250908_172122\\console0.log, C:\\Users\\Sumit\\git\\KatalonGit\\Reports\\20250908_172113\\Flipkart\\20250908_172122\\execution0.log"/>
         <property name="attachments" value=""/>
         <property name="hostName" value="Sumit - Pratik"/>
         <property name="os" value="Windows 11 64bit"/>
         <property name="katalonVersion" value="10.3.1.0"/>
         <property name="browser" value="Chrome 139.0.7258.155"/>
         <property name="userFullName" value="Pratik Sonawane"/>
         <property name="hostAddress" value="192.168.56.1"/>
         <property name="sessionId" value="371e6dc33ee1fc9c47ff580161e1ad42"/>
         <property name="projectName" value="KatalonGit"/>
         <property name="seleniumVersion" value="4.28.1"/>
         <property name="proxyInformation" value="ProxyInformation { proxyOption=NO_PROXY, proxyServerType=HTTP, username=, password=********, proxyServerAddress=, proxyServerPort=0, executionList=&quot;&quot;, isApplyToDesiredCapabilities=true }"/>
         <property name="platform" value="Windows 11"/>
      </properties>
      <testcase name="Test Cases/TestDemo" time="52.77" classname="Test Cases/TestDemo" status="PASSED">
         <system-out><![CDATA[08-09-2025T17:21:38 - [TEST_CASE][PASSED] - Test Cases/TestDemo: Test Cases/TestDemo

08-09-2025T17:21:39 - [TEST_STEP][PASSED] - openBrowser(""): Browser is opened with url: ''

08-09-2025T17:21:39 - [MESSAGE][INFO] - Starting 'Chrome' driver

08-09-2025T17:21:39 - [MESSAGE][INFO] - Action delay is set to 0 milliseconds

08-09-2025T17:21:46 - [MESSAGE][PASSED] - Browser is opened with url: ''

08-09-2025T17:21:46 - [TEST_STEP][PASSED] - navigateToUrl("https://www.flipkart.com/"): Navigate to 'https://www.flipkart.com/' successfully

08-09-2025T17:21:47 - [MESSAGE][PASSED] - Navigate to 'https://www.flipkart.com/' successfully

08-09-2025T17:21:48 - [TEST_STEP][PASSED] - setText(findTestObject("Object Repository/Page_Online Shopping Site for Mobiles, Elec_b3f752/input_Login_q"), "best gaming laptop"): Text 'best gaming laptop' is set on object 'Object Repository/Page_Online Shopping Site for Mobiles, Elec_b3f752/input_Login_q'

08-09-2025T17:22:02 - [MESSAGE][WARNING] - Waiting for element timed out

08-09-2025T17:22:03 - [MESSAGE][PASSED] - Text 'best gaming laptop' is set on object 'Object Repository/Page_Online Shopping Site for Mobiles, Elec_b3f752/input_Login_q'

08-09-2025T17:22:03 - [TEST_STEP][PASSED] - click(findTestObject("Object Repository/Page_Online Shopping Site for Mobiles, Elec_b3f752/div_best gaming laptop_YGcVZO _2VHNef")): Object: 'Object Repository/Page_Online Shopping Site for Mobiles, Elec_b3f752/div_best gaming laptop_YGcVZO _2VHNef' is clicked on

08-09-2025T17:22:13 - [MESSAGE][WARNING] - Waiting for element timed out

08-09-2025T17:22:19 - [MESSAGE][PASSED] - Object: 'Object Repository/Page_Online Shopping Site for Mobiles, Elec_b3f752/div_best gaming laptop_YGcVZO _2VHNef' is clicked on

08-09-2025T17:22:19 - [TEST_STEP][PASSED] - click(findTestObject("Object Repository/Page_Best Gaming Laptop Under 40k- Buy Prod_27c071/div_Add to Compare_KzDlHZ")): Object: 'Object Repository/Page_Best Gaming Laptop Under 40k- Buy Prod_27c071/div_Add to Compare_KzDlHZ' is clicked on

08-09-2025T17:22:29 - [MESSAGE][WARNING] - Waiting for element timed out

08-09-2025T17:22:29 - [MESSAGE][PASSED] - Object: 'Object Repository/Page_Best Gaming Laptop Under 40k- Buy Prod_27c071/div_Add to Compare_KzDlHZ' is clicked on

08-09-2025T17:22:30 - [TEST_STEP][PASSED] - closeBrowser(): Browser is closed

08-09-2025T17:22:30 - [MESSAGE][PASSED] - Browser is closed]]></system-out>
         <system-err><![CDATA[]]></system-err>
      </testcase>
      <system-out><![CDATA[08-09-2025T17:21:36 - [TEST_SUITE][PASSED] - Flipkart: null]]></system-out>
      <system-err><![CDATA[]]></system-err>
   </testsuite>
</testsuites>
